RECEBIDO_RAW: '*'
RECEBIDO_NORM: '*'
RECEBIDO_RAW: 'COmbó2'
RECEBIDO_NORM: 'combo2'
RECEBIDO_RAW: 'combo2'
RECEBIDO_NORM: 'combo2'
RECEBIDO_RAW: 'combo34'
RECEBIDO_NORM: 'combo34'
RECEBIDO_RAW: '2'
RECEBIDO_NORM: '2'
RECEBIDO_RAW: 'combo2'
RECEBIDO_NORM: 'combo2'
RECEBIDO_RAW: 'combo34'
RECEBIDO_NORM: 'combo34'
RECEBIDO_RAW: '2'
RECEBIDO_NORM: '2'
RECEBIDO_RAW: 'combo1'
RECEBIDO_NORM: 'combo1'
RECEBIDO_RAW: 'Cómbõ2'
RECEBIDO_NORM: 'combo2'
RECEBIDO_RAW: '4'
RECEBIDO_NORM: '4'
RECEBIDO_RAW: '5'
RECEBIDO_NORM: '5'
RECEBIDO_RAW: '6'
RECEBIDO_NORM: '6'
RECEBIDO_RAW: '6'
RECEBIDO_NORM: '6'
RECEBIDO_RAW: '6'
RECEBIDO_NORM: '6'
RECEBIDO_RAW: '6'
RECEBIDO_NORM: '6'
RECEBIDO_RAW: '6'
RECEBIDO_NORM: '6'
RECEBIDO_RAW: '6'
RECEBIDO_NORM: '6'
RECEBIDO_RAW: '6'
RECEBIDO_NORM: '6'
RECEBIDO_RAW: '6'
RECEBIDO_NORM: '6'
RECEBIDO_RAW: '6'
RECEBIDO_NORM: '6'
RECEBIDO_RAW: '6'
RECEBIDO_NORM: '6'
RECEBIDO_RAW: '6'
RECEBIDO_NORM: '6'
RECEBIDO_RAW: '6'
RECEBIDO_NORM: '6'
RECEBIDO_RAW: '6'
RECEBIDO_NORM: '6'
RECEBIDO_RAW: '6'
RECEBIDO_NORM: '6'
RECEBIDO_RAW: '6'
RECEBIDO_NORM: '6'
RECEBIDO_RAW: '6'
RECEBIDO_NORM: '6'
RECEBIDO_RAW: '6'
RECEBIDO_NORM: '6'
RECEBIDO_RAW: '6'
RECEBIDO_NORM: '6'
RECEBIDO_RAW: '6'
RECEBIDO_NORM: '6'
RECEBIDO_RAW: '6'
RECEBIDO_NORM: '6'
RECEBIDO_RAW: 'c'
RECEBIDO_NORM: 'c'
